-------------------------------------------------------------------------------
Test set: TestSuite
-------------------------------------------------------------------------------
Tests run: 5, Failures: 2, Errors: 0, Skipped: 0, Time elapsed: 79.223 s <<< FAILURE! - in TestSuite
com.qa.runners.MyTestNGRunnerTest.scenario["Validate product info on Products page", "Product scenarios"](4)  Time elapsed: 15.143 s  <<< FAILURE!
org.openqa.selenium.TimeoutException: Expected condition failed: waiting for visibility of Located by By.chained({By.AccessibilityId: test-Username}) (tried for 10 second(s) with 500 milliseconds interval)
	at com.qa.runners.MyTestNGRunnerTest.scenario(MyTestNGRunnerTest.java:58)
Caused by: org.openqa.selenium.TimeoutException: Expected condition failed: waiting for io.appium.java_client.pagefactory.AppiumElementLocator$WaitingFunction@76f856a8 (tried for 1 second(s) with 500 milliseconds interval)
	at com.qa.runners.MyTestNGRunnerTest.scenario(MyTestNGRunnerTest.java:58)
Caused by: org.openqa.selenium.NoSuchElementException: 
Cannot locate an element using By.chained({By.AccessibilityId: test-Username})
For documentation on this error, please visit: https://www.seleniumhq.org/exceptions/no_such_element.html
Build info: version: '3.141.59', revision: 'e82be7d358', time: '2018-11-14T08:17:03'
System info: host: 'DESKTOP-KLS90KJ', ip: '192.168.1.100', os.name: 'Windows 10', os.arch: 'amd64', os.version: '10.0', java.version: '1.8.0_291'
Driver info: driver.version: AndroidDriver
	at com.qa.runners.MyTestNGRunnerTest.scenario(MyTestNGRunnerTest.java:58)

com.qa.runners.MyTestNGRunnerTest.scenario["Validate product info on Product Details page", "Product scenarios"](5)  Time elapsed: 14.705 s  <<< FAILURE!
org.openqa.selenium.TimeoutException: Expected condition failed: waiting for visibility of Located by By.chained({By.AccessibilityId: test-Username}) (tried for 10 second(s) with 500 milliseconds interval)
	at com.qa.runners.MyTestNGRunnerTest.scenario(MyTestNGRunnerTest.java:58)
Caused by: org.openqa.selenium.TimeoutException: Expected condition failed: waiting for io.appium.java_client.pagefactory.AppiumElementLocator$WaitingFunction@4eed2acf (tried for 1 second(s) with 500 milliseconds interval)
	at com.qa.runners.MyTestNGRunnerTest.scenario(MyTestNGRunnerTest.java:58)
Caused by: org.openqa.selenium.NoSuchElementException: 
Cannot locate an element using By.chained({By.AccessibilityId: test-Username})
For documentation on this error, please visit: https://www.seleniumhq.org/exceptions/no_such_element.html
Build info: version: '3.141.59', revision: 'e82be7d358', time: '2018-11-14T08:17:03'
System info: host: 'DESKTOP-KLS90KJ', ip: '192.168.1.100', os.name: 'Windows 10', os.arch: 'amd64', os.version: '10.0', java.version: '1.8.0_291'
Driver info: driver.version: AndroidDriver
	at com.qa.runners.MyTestNGRunnerTest.scenario(MyTestNGRunnerTest.java:58)

